Performing C SOURCE FILE Test CMAKE_HAVE_LIBC_PTHREAD failed with the following output:
Change Dir: /home/noxy/cpp/silo_logging/build/CMakeFiles/CMakeTmp

Run Build Command(s):/usr/bin/make cmTC_a79be/fast && /usr/bin/make -f CMakeFiles/cmTC_a79be.dir/build.make CMakeFiles/cmTC_a79be.dir/build
make[1]: Entering directory '/home/noxy/cpp/silo_logging/build/CMakeFiles/CMakeTmp'
Building C object CMakeFiles/cmTC_a79be.dir/src.c.o
/usr/bin/cc   -DCMAKE_HAVE_LIBC_PTHREAD   -o CMakeFiles/cmTC_a79be.dir/src.c.o   -c /home/noxy/cpp/silo_logging/build/CMakeFiles/CMakeTmp/src.c
Linking C executable cmTC_a79be
/usr/bin/cmake -E cmake_link_script CMakeFiles/cmTC_a79be.dir/link.txt --verbose=1
/usr/bin/cc  -DCMAKE_HAVE_LIBC_PTHREAD    CMakeFiles/cmTC_a79be.dir/src.c.o  -o cmTC_a79be 
/usr/local/bin/ld: CMakeFiles/cmTC_a79be.dir/src.c.o: in function `main':
src.c:(.text+0x46): undefined reference to `pthread_create'
/usr/local/bin/ld: src.c:(.text+0x52): undefined reference to `pthread_detach'
/usr/local/bin/ld: src.c:(.text+0x63): undefined reference to `pthread_join'
collect2: error: ld returned 1 exit status
make[1]: *** [CMakeFiles/cmTC_a79be.dir/build.make:87: cmTC_a79be] Error 1
make[1]: Leaving directory '/home/noxy/cpp/silo_logging/build/CMakeFiles/CMakeTmp'
make: *** [Makefile:121: cmTC_a79be/fast] Error 2


Source file was:
#include <pthread.h>

void* test_func(void* data)
{
  return data;
}

int main(void)
{
  pthread_t thread;
  pthread_create(&thread, NULL, test_func, NULL);
  pthread_detach(thread);
  pthread_join(thread, NULL);
  pthread_atfork(NULL, NULL, NULL);
  pthread_exit(NULL);

  return 0;
}

Determining if the function pthread_create exists in the pthreads failed with the following output:
Change Dir: /home/noxy/cpp/silo_logging/build/CMakeFiles/CMakeTmp

Run Build Command(s):/usr/bin/make cmTC_52b70/fast && /usr/bin/make -f CMakeFiles/cmTC_52b70.dir/build.make CMakeFiles/cmTC_52b70.dir/build
make[1]: Entering directory '/home/noxy/cpp/silo_logging/build/CMakeFiles/CMakeTmp'
Building C object CMakeFiles/cmTC_52b70.dir/CheckFunctionExists.c.o
/usr/bin/cc   -DCHECK_FUNCTION_EXISTS=pthread_create   -o CMakeFiles/cmTC_52b70.dir/CheckFunctionExists.c.o   -c /usr/share/cmake-3.16/Modules/CheckFunctionExists.c
Linking C executable cmTC_52b70
/usr/bin/cmake -E cmake_link_script CMakeFiles/cmTC_52b70.dir/link.txt --verbose=1
/usr/bin/cc  -DCHECK_FUNCTION_EXISTS=pthread_create    CMakeFiles/cmTC_52b70.dir/CheckFunctionExists.c.o  -o cmTC_52b70  -lpthreads 
/usr/local/bin/ld: cannot find -lpthreads
collect2: error: ld returned 1 exit status
make[1]: *** [CMakeFiles/cmTC_52b70.dir/build.make:87: cmTC_52b70] Error 1
make[1]: Leaving directory '/home/noxy/cpp/silo_logging/build/CMakeFiles/CMakeTmp'
make: *** [Makefile:121: cmTC_52b70/fast] Error 2



Performing C SOURCE FILE Test CMAKE_HAVE_LIBC_PTHREAD failed with the following output:
Change Dir: /home/noxy/cpp/silo_logging/build/CMakeFiles/CMakeTmp

Run Build Command(s):/usr/bin/ninja cmTC_64029 && [1/2] Building C object CMakeFiles/cmTC_64029.dir/src.c.o
[2/2] Linking C executable cmTC_64029
FAILED: cmTC_64029 
: && /usr/bin/gcc -DCMAKE_HAVE_LIBC_PTHREAD   CMakeFiles/cmTC_64029.dir/src.c.o  -o cmTC_64029   && :
/usr/local/bin/ld: CMakeFiles/cmTC_64029.dir/src.c.o: in function `main':
src.c:(.text+0x46): undefined reference to `pthread_create'
/usr/local/bin/ld: src.c:(.text+0x52): undefined reference to `pthread_detach'
/usr/local/bin/ld: src.c:(.text+0x63): undefined reference to `pthread_join'
collect2: error: ld returned 1 exit status
ninja: build stopped: subcommand failed.


Source file was:
#include <pthread.h>

void* test_func(void* data)
{
  return data;
}

int main(void)
{
  pthread_t thread;
  pthread_create(&thread, NULL, test_func, NULL);
  pthread_detach(thread);
  pthread_join(thread, NULL);
  pthread_atfork(NULL, NULL, NULL);
  pthread_exit(NULL);

  return 0;
}

Determining if the function pthread_create exists in the pthreads failed with the following output:
Change Dir: /home/noxy/cpp/silo_logging/build/CMakeFiles/CMakeTmp

Run Build Command(s):/usr/bin/ninja cmTC_3c49a && [1/2] Building C object CMakeFiles/cmTC_3c49a.dir/CheckFunctionExists.c.o
[2/2] Linking C executable cmTC_3c49a
FAILED: cmTC_3c49a 
: && /usr/bin/gcc -DCHECK_FUNCTION_EXISTS=pthread_create   CMakeFiles/cmTC_3c49a.dir/CheckFunctionExists.c.o  -o cmTC_3c49a  -lpthreads && :
/usr/local/bin/ld: cannot find -lpthreads
collect2: error: ld returned 1 exit status
ninja: build stopped: subcommand failed.



